<?xml version="1.0" encoding="UTF-8"?>
<!-- Generated by org.testng.reporters.JUnitXMLReporter -->
<testsuite hostname="LAPTOP-OJ4Q9LIF" name="Checkbox" tests="3" failures="0" timestamp="1 Feb 2022 12:40:25 GMT" time="6.159" errors="0">
  <testcase name="elements" time="0.079" classname="testingbaba_test.Checkbox_test"/>
  <testcase name="checkbox" time="0.089" classname="testingbaba_test.Checkbox_test"/>
  <testcase name="clickonbtn" time="0.403" classname="testingbaba_test.Checkbox_test"/>
</testsuite> <!-- Checkbox -->
