<?xml version="1.0" encoding="UTF-8"?>
<!-- Generated by org.testng.reporters.JUnitXMLReporter -->
<testsuite hostname="LAPTOP-OJ4Q9LIF" name="Login" tests="1" failures="1" timestamp="1 Feb 2022 12:40:12 GMT" time="6.947" errors="0">
  <testcase name="gettitle" time="0.014" classname="testingbaba_test.Login_test">
    <failure type="java.lang.AssertionError" message="expected [Testing baba] but found [Testing Baba]">
      <![CDATA[java.lang.AssertionError: expected [Testing baba] but found [Testing Baba]
	at testingbaba_pages.Login_page.gettitle(Login_page.java:20)
	at testingbaba_test.Login_test.gettitle(Login_test.java:27)
... Removed 31 stack frames]]>
    </failure>
  </testcase> <!-- gettitle -->
</testsuite> <!-- Login -->
