<?xml version="1.0" encoding="UTF-8"?>
<!-- Generated by org.testng.reporters.JUnitXMLReporter -->
<testsuite hostname="LAPTOP-OJ4Q9LIF" name="Textbox" tests="3" failures="3" timestamp="1 Feb 2022 12:40:18 GMT" time="6.469" errors="0">
  <testcase name="textbox" time="0.035" classname="testingbaba_test.Textbox_test">
    <failure type="java.lang.NullPointerException">
      <![CDATA[java.lang.NullPointerException
	at org.openqa.selenium.support.ui.ExpectedConditions.elementIfVisible(ExpectedConditions.java:314)
	at org.openqa.selenium.support.ui.ExpectedConditions.access$000(ExpectedConditions.java:43)
	at org.openqa.selenium.support.ui.ExpectedConditions$10.apply(ExpectedConditions.java:300)
	at org.openqa.selenium.support.ui.ExpectedConditions$10.apply(ExpectedConditions.java:297)
	at org.openqa.selenium.support.ui.ExpectedConditions$23.apply(ExpectedConditions.java:670)
	at org.openqa.selenium.support.ui.ExpectedConditions$23.apply(ExpectedConditions.java:666)
	at org.openqa.selenium.support.ui.FluentWait.until(FluentWait.java:249)
	at applicationutility.Applicationutility.clickme(Applicationutility.java:17)
	at testingbaba_pages.Textbox_page.clickonElements(Textbox_page.java:51)
	at testingbaba_test.Textbox_test.textbox(Textbox_test.java:26)
... Removed 25 stack frames]]>
    </failure>
  </testcase> <!-- textbox -->
  <testcase name="Filldetails" time="0.001" classname="testingbaba_test.Textbox_test">
    <failure type="java.lang.NullPointerException">
      <![CDATA[java.lang.NullPointerException
	at testingbaba_pages.Textbox_page.Filldetails(Textbox_page.java:71)
	at testingbaba_test.Textbox_test.Filldetails(Textbox_test.java:33)
... Removed 25 stack frames]]>
    </failure>
  </testcase> <!-- Filldetails -->
  <testcase name="datavalidation" time="0.03" classname="testingbaba_test.Textbox_test">
    <failure type="java.lang.NullPointerException">
      <![CDATA[java.lang.NullPointerException
	at testingbaba_pages.Textbox_page.datavalidation(Textbox_page.java:83)
	at testingbaba_test.Textbox_test.datavalidation(Textbox_test.java:38)
... Removed 25 stack frames]]>
    </failure>
  </testcase> <!-- datavalidation -->
</testsuite> <!-- Textbox -->
